<?xml version="1.0" encoding="utf-8"?><testsuites name="pytest tests"><testsuite name="pytest" errors="0" failures="1" skipped="0" tests="42" time="0.237" timestamp="2026-05-06T22:52:23.288078+00:00" hostname="agent-env-88d33143-db55-4b4b-a79c-c601431eddfe"><testcase classname="backend.tests.test_android_ci_templates" name="test_android_bridge_create_and_startaudio_blocks_are_well_formed" time="0.001" /><testcase classname="backend.tests.test_android_ci_templates" name="test_workflow_sanitizes_generated_cmakelists_linker_flags_and_lto" time="0.000" /><testcase classname="backend.tests.test_android_ci_templates" name="test_workflow_build_runs_debug_first_and_release_as_best_effort" time="0.000" /><testcase classname="backend.tests.test_android_ci_templates" name="test_workflow_build_guard_requires_debug_apk_release_optional" time="0.000" /><testcase classname="backend.tests.test_android_ci_templates" name="test_workflow_summary_reports_debug_success_even_when_release_missing" time="0.000" /><testcase classname="backend.tests.test_android_ci_templates" name="test_workflow_uploads_debug_and_release_artifacts" time="0.000" /><testcase classname="backend.tests.test_android_ci_templates" name="test_gradle_template_defines_debug_and_release_native_build_types" time="0.000" /><testcase classname="backend.tests.test_android_ci_templates" name="test_gradle_template_forces_lld_and_disables_interprocedural_optimization_across_variants" time="0.000" /><testcase classname="backend.tests.test_android_ci_templates" name="test_cmake_android_jni_append_disables_target_ipo_and_sets_lld_link_option" time="0.000" /><testcase classname="backend.tests.test_android_ci_templates" name="test_workflow_appends_android_jni_cmake_template" time="0.000" /><testcase classname="backend.tests.test_android_ci_templates" name="test_main_activity_has_no_stale_engine_started_symbol" time="0.000" /><testcase classname="backend.tests.test_android_ci_templates" name="test_main_activity_declares_and_uses_engine_and_audio_state_flags" time="0.000" /><testcase classname="backend.tests.test_android_ci_templates" name="test_workflow_copies_main_activity_from_android_template" time="0.000" /><testcase classname="backend.tests.test_android_ci_templates" name="test_index_template_contains_single_inline_view_placeholder" time="0.000" /><testcase classname="backend.tests.test_android_ci_templates" name="test_index_template_has_no_duplicate_iife_closer_sequence" time="0.000" /><testcase classname="backend.tests.test_android_ci_templates" name="test_index_template_has_no_pre_inline_mount_invocation" time="0.000" /><testcase classname="backend.tests.test_android_ci_templates" name="test_index_template_has_post_inline_mount_trigger_after_placeholder" time="0.000" /><testcase classname="backend.tests.test_android_ci_templates" name="test_index_template_inline_scripts_are_syntax_valid" time="0.071" /><testcase classname="backend.tests.test_android_ci_templates" name="test_workflow_inlined_index_output_scripts_are_syntax_valid" time="0.100" /><testcase classname="backend.tests.test_android_ci_templates" name="test_workflow_inlined_output_executes_mount_after_create_patch_view_definition" time="0.001" /><testcase classname="backend.tests.test_android_ci_templates" name="test_android_bridge_create_disables_juce_processor_creation_for_crash_safe_mode" time="0.000" /><testcase classname="backend.tests.test_android_ci_templates" name="test_android_bridge_has_no_convert_to_0to1_usage_after_manual_normalization_fix" time="0.000" /><testcase classname="backend.tests.test_android_ci_templates" name="test_android_bridge_send_parameter_uses_manual_normalization_helper_before_host_notify" time="0.000" /><testcase classname="backend.tests.test_android_ci_templates" name="test_android_bridge_manual_normalization_table_covers_all_cmajor_value_endpoints" time="0.002"><failure message="AssertionError: Missing normalization entries for: ['syncToHost']&#10;assert False&#10; +  where False = &lt;built-in method issubset of set object at 0xf8e2f58cbbc0&gt;({'chaos', 'density', 'gate', 'patternLength', 'rootNote', 'synthCutoff', ...})&#10; +    where &lt;built-in method issubset of set object at 0xf8e2f58cbbc0&gt; = {'chaos', 'density', 'gate', 'patternLength', 'rootNote', 'syncToHost', ...}.issubset">backend/tests/test_android_ci_templates.py:368: in test_android_bridge_manual_normalization_table_covers_all_cmajor_value_endpoints
    assert cmajor_values.issubset(handled_ids), (
E   AssertionError: Missing normalization entries for: ['syncToHost']
E   assert False
E    +  where False = &lt;built-in method issubset of set object at 0xf8e2f58cbbc0&gt;({'chaos', 'density', 'gate', 'patternLength', 'rootNote', 'synthCutoff', ...})
E    +    where &lt;built-in method issubset of set object at 0xf8e2f58cbbc0&gt; = {'chaos', 'density', 'gate', 'patternLength', 'rootNote', 'syncToHost', ...}.issubset</failure></testcase><testcase classname="backend.tests.test_android_ci_templates" name="test_index_bridge_routes_event_and_value_endpoints_to_correct_native_methods" time="0.000" /><testcase classname="backend.tests.test_android_ci_templates" name="test_index_event_endpoint_set_matches_cmajor_event_definitions_and_excludes_values" time="0.001" /><testcase classname="backend.tests.test_android_ci_templates" name="test_android_bridge_fallback_parameter_and_event_handlers_are_wired_when_processor_is_null" time="0.000" /><testcase classname="backend.tests.test_android_ci_templates" name="test_android_bridge_event_signatures_use_double_for_engine_and_fallback_paths" time="0.001" /><testcase classname="backend.tests.test_android_ci_templates" name="test_android_bridge_audio_callback_uses_render_fallback_in_processor_null_path" time="0.001" /><testcase classname="backend.tests.test_android_ci_templates" name="test_android_bridge_fallback_state_covers_core_control_events_and_parameters" time="0.001" /><testcase classname="backend.tests.test_android_ci_templates" name="test_android_bridge_jni_event_path_preserves_double_payload_for_event_value" time="0.000" /><testcase classname="backend.tests.test_android_ci_templates" name="test_android_bridge_set_step_packed_uses_llround_for_integer_safe_unpack" time="0.000" /><testcase classname="backend.tests.test_android_ci_templates" name="test_native_poll_output_events_path_is_wired_across_jni_mainactivity_and_index_poll_loop" time="0.000" /><testcase classname="backend.tests.test_android_ci_templates" name="test_fallback_engine_emits_kind1_playback_and_kind2_pattern_messages" time="0.000" /><testcase classname="backend.tests.test_android_ci_templates" name="test_fallback_queue_updates_exist_for_generate_clear_dump_and_set_step_packed" time="0.000" /><testcase classname="backend.tests.test_android_ci_templates" name="test_view_waveform_selector_includes_triangle_and_sine_options" time="0.000" /><testcase classname="backend.tests.test_midi_host_sync_static" name="test_main_declares_midi_input_and_output_endpoints" time="0.000" /><testcase classname="backend.tests.test_midi_host_sync_static" name="test_main_declares_host_tempo_and_transport_inputs_and_handlers" time="0.000" /><testcase classname="backend.tests.test_midi_host_sync_static" name="test_main_emits_start_stop_clock_and_note_messages" time="0.000" /><testcase classname="backend.tests.test_midi_host_sync_static" name="test_main_synth_wave_range_supports_four_waveforms" time="0.000" /><testcase classname="backend.tests.test_midi_host_sync_static" name="test_view_waveform_selector_exposes_four_options" time="0.000" /><testcase classname="backend.tests.test_midi_host_sync_static" name="test_main_host_sync_logic_has_internal_fallback_guards" time="0.001" /></testsuite></testsuites>